Chr_1   	1	192731	192813	Pro	TGG	192767	192777	55.19
Chr_1   	2	579068	579160	Ser	CGA	579105	579115	70.31
Chr_1   	3	607295	607387	Ser	AGA	607332	607342	66.94
Chr_1   	4	650671	650763	Ser	AGA	650708	650718	69.57
Chr_1   	5	1190571	1190643	Thr	TGT	0	0	57.91
Chr_1   	6	2854416	2854500	Cys	GCA	2854452	2854464	67.40
Chr_1   	7	3158423	3158505	Cys	GCA	3158459	3158469	66.85
Chr_1   	8	3527572	3527659	Glu	CTC	3527609	3527624	50.61
Chr_1   	9	3583829	3583900	Glu	TTC	0	0	59.98
Chr_1   	10	3722261	3722344	Asp	GTC	3722298	3722309	50.61
Chr_1   	11	3718015	3717932	Asp	GTC	3717978	3717967	49.69
Chr_1   	12	2914786	2914701	Trp	CCA	2914750	2914737	52.76
Chr_1   	13	1712856	1712764	Ser	TGA	1712819	1712809	69.39
Chr_1   	14	941097	941025	Met	CAT	0	0	81.97
Chr_1   	15	804253	804181	Thr	AGT	0	0	73.61
Chr_1   	16	662533	662449	Lys	CTT	662495	662485	64.05
Chr_2   	1	47764	47852	Trp	CCA	47800	47816	51.22
Chr_2   	2	68524	68635	Thr	TGT	68561	68599	65.38
Chr_2   	3	170006	170078	Thr	AGT	0	0	73.61
Chr_2   	4	1134552	1134634	Phe	GAA	1134589	1134598	59.91
Chr_2   	5	1304774	1304846	Thr	AGT	0	0	60.68
Chr_2   	6	1513840	1513926	Ile	TAT	1513877	1513890	66.02
Chr_2   	7	2167897	2167969	Thr	TGT	0	0	50.71
Chr_2   	8	2598273	2598368	Asn	GTT	2598311	2598332	75.03
Chr_2   	9	2840783	2840887	Met	CAT	2840821	2840851	68.00
Chr_2   	10	3426650	3426751	Ser	GCT	3426687	3426706	59.70
Chr_2   	11	3602571	3602759	Glu	CTC	3602608	3602724	29.61
Chr_2   	12	3608907	3608994	Glu	CTC	3608944	3608959	48.20
Chr_2   	13	3611612	3611698	Pseudo	CTC	3611649	3611666	25.13
Chr_2   	14	3642436	3642533	Pseudo	CTC	3642473	3642498	38.82
Chr_2   	15	3646054	3646143	Glu	CTC	3646091	3646108	48.11
Chr_2   	16	3667703	3667813	Leu	CAA	3667741	3667767	55.16
Chr_2   	17	3675659	3675754	Glu	CTC	3675696	3675719	49.81
Chr_2   	18	3720690	3720762	Arg	TCT	0	0	72.02
Chr_2   	19	3737632	3737720	Glu	CTC	3737669	3737685	49.26
Chr_2   	20	3718900	3718811	Glu	CTC	3718863	3718846	49.91
Chr_2   	21	3713953	3713841	Leu	CAA	3713915	3713887	54.78
Chr_2   	22	3598595	3598508	Glu	CTC	3598558	3598543	48.56
Chr_2   	23	3542546	3542445	Ser	GCT	3542509	3542490	61.70
Chr_2   	24	2914517	2914437	Trp	CCA	2914481	2914473	53.40
Chr_2   	25	2861328	2861226	Met	CAT	2861290	2861262	68.24
Chr_2   	26	2712873	2712792	Ser	AGA	0	0	77.78
Chr_2   	27	2600010	2599920	Asn	GTT	2599972	2599956	73.19
Chr_2   	28	2276828	2276733	Leu	TAA	2276789	2276780	57.17
Chr_2   	29	1024923	1024834	Phe	GAA	1024886	1024870	59.45
Chr_2   	30	1024610	1024520	Phe	GAA	1024573	1024556	60.36
Chr_2   	31	358307	358206	Ser	GCT	358270	358251	59.70
Chr_2   	32	215299	215189	Ser	CGA	215262	215234	68.08
Chr_2   	33	159600	159528	Thr	AGT	0	0	73.61
Chr_2   	34	124303	124226	Pseudo	CGT	0	0	26.10
Chr_3   	1	532852	532935	Phe	GAA	532889	532899	59.40
Chr_3   	2	1704554	1704647	Leu	TAG	1704592	1704605	59.51
Chr_3   	3	1831007	1831079	Thr	AGT	0	0	73.61
Chr_3   	4	2268450	2268535	Gln	CTG	2268487	2268500	66.54
Chr_3   	5	3113976	3114060	Pro	TGG	3114012	3114024	54.45
Chr_3   	6	3152520	3152602	Pro	AGG	3152556	3152566	57.70
Chr_3   	7	3174596	3174667	Asp	GTC	0	0	58.70
Chr_3   	8	3576954	3577026	Met	CAT	0	0	67.99
Chr_3   	9	3534312	3534240	Phe	GAA	0	0	65.67
Chr_3   	10	3080892	3080811	Asp	GTC	3080855	3080846	51.85
Chr_3   	11	3057092	3057004	Thr	AGT	3057055	3057040	63.35
Chr_3   	12	2905855	2905772	His	GTG	2905818	2905807	49.17
Chr_3   	13	2890418	2890327	His	GTG	2890381	2890362	48.36
Chr_3   	14	2663662	2663589	Val	AAC	0	0	79.94
Chr_3   	15	2252876	2252791	Gln	CTG	2252839	2252826	65.91
Chr_3   	16	2252703	2252624	Gln	CTG	2252666	2252659	67.42
Chr_3   	17	1831490	1831396	Gln	TTG	1831453	1831431	63.71
Chr_3   	18	665836	665763	Ile	AAT	0	0	76.70
Chr_3   	19	140950	140845	Pro	AGG	140914	140881	52.68
Chr_3   	20	89529	89457	Thr	AGT	0	0	60.68
Chr_3   	21	79230	79141	Pro	AGG	79194	79177	55.47
Chr_3   	22	60761	60654	Pro	AGG	60725	60690	54.28
Chr_4   	1	65521	65608	Glu	CTC	65558	65573	48.70
Chr_4   	2	79941	80012	Glu	TTC	0	0	59.98
Chr_4   	3	85254	85359	Leu	AAG	85292	85317	64.16
Chr_4   	4	98192	98280	Glu	CTC	98229	98245	48.48
Chr_4   	5	103233	103338	Leu	AAG	103271	103296	63.03
Chr_4   	6	196386	196457	Glu	TTC	0	0	59.98
Chr_4   	7	475758	475843	Asp	GTC	475795	475808	51.66
Chr_4   	8	671911	672033	Lys	CTT	671949	671997	61.23
Chr_4   	9	786691	786800	Lys	CTT	786729	786764	60.84
Chr_4   	10	787605	787693	Lys	CTT	787643	787657	62.01
Chr_4   	11	1772288	1772360	Phe	GAA	0	0	65.67
Chr_4   	12	1954874	1954944	Gly	CCC	0	0	57.12
Chr_4   	13	2507836	2507922	Arg	CCG	2507873	2507886	58.32
Chr_4   	14	2564103	2564173	Gly	CCC	0	0	57.12
Chr_4   	15	2647907	2648004	Lys	TTT	2647945	2647968	62.73
Chr_4   	16	2976777	2976862	Lys	CTT	2976815	2976826	63.54
Chr_4   	17	3161629	3161533	Gly	GCC	3161593	3161568	49.53
Chr_4   	18	3044539	3044454	Gly	GCC	3044503	3044489	48.42
Chr_4   	19	3034954	3034866	Gly	GCC	3034918	3034901	48.95
Chr_4   	20	2941425	2941332	Arg	TCG	2941389	2941368	68.00
Chr_4   	21	2769566	2769471	Lys	TTT	2769528	2769507	61.84
Chr_4   	22	1957247	1957148	Pro	CGG	1957211	1957184	56.90
Chr_4   	23	1389271	1389175	Thr	TGT	1389235	1389211	67.23
Chr_4   	24	735971	735862	Lys	CTT	735933	735898	60.84
Chr_4   	25	735169	735059	Lys	CTT	735131	735095	61.75
Chr_4   	26	679303	679197	Lys	CTT	679265	679233	60.04
Chr_4   	27	669642	669522	Lys	CTT	669604	669558	61.74
Chr_4   	28	656844	656723	Lys	CTT	656806	656759	60.68
Chr_4   	29	142666	142579	Glu	CTC	142629	142614	49.34
Chr_4   	30	97826	97721	Leu	AAG	97788	97763	63.03
Chr_4   	31	97330	97225	Leu	AAG	97292	97267	64.16
Chr_5   	1	6689	6778	Arg	TCT	6728	6735	23.82
Chr_5   	2	222981	223066	Gly	GCC	223017	223031	49.70
Chr_5   	3	749819	749911	Asn	GTT	749857	749875	74.21
Chr_5   	4	867352	867424	Thr	TGT	0	0	47.72
Chr_5   	5	889072	889144	Pseudo	AGT	0	0	41.15
Chr_5   	6	1113880	1113970	Lys	TTT	1113918	1113934	64.10
Chr_5   	7	2419730	2419802	Arg	TCT	0	0	72.02
Chr_5   	8	2722468	2722546	Arg	ACG	2722504	2722510	55.30
Chr_5   	9	2846111	2846183	Met	CAT	0	0	67.99
Chr_5   	10	2849551	2849647	Pro	AGG	2849587	2849611	56.58
Chr_5   	11	2873040	2873113	Pseudo	GAT	0	0	25.81
Chr_5   	12	2918522	2918609	Glu	CTC	2918559	2918574	48.70
Chr_5   	13	3082353	3082445	Arg	TCG	3082389	3082409	70.29
Chr_5   	14	3172312	3172228	Gln	TTG	3172275	3172263	65.05
Chr_5   	15	3172074	3171990	Gln	TTG	3172037	3172025	65.37
Chr_5   	16	3137865	3137779	Arg	ACG	3137829	3137815	56.33
Chr_5   	17	3094097	3094019	Arg	ACG	3094061	3094055	56.80
Chr_5   	18	2876060	2875977	Arg	TCG	2876024	2876013	68.97
Chr_5   	19	2795323	2795245	Arg	ACG	2795287	2795281	55.30
Chr_5   	20	2729910	2729832	Arg	ACG	2729874	2729868	55.30
Chr_5   	21	2603935	2603862	Val	AAC	0	0	77.15
Chr_5   	22	2603791	2603719	Val	TAC	0	0	74.01
Chr_5   	23	1728384	1728305	Gln	CTG	1728347	1728340	65.03
Chr_5   	24	1296791	1296702	His	GTG	1296754	1296737	48.45
Chr_5   	25	532952	532860	Leu	CAG	532914	532902	59.31
Chr_5   	26	490805	490690	Pro	CGG	490769	490726	53.83
Chr_5   	27	221108	221023	Gly	GCC	221072	221058	49.56
Chr_5   	28	9778	9683	Pseudo	GCA	9742	9721	20.41
Chr_6   	1	203950	204022	Thr	AGT	0	0	60.68
Chr_6   	2	267717	267789	Thr	TGT	0	0	58.14
Chr_6   	3	268657	268729	Thr	TGT	0	0	58.14
Chr_6   	4	274431	274496	Met	CAT	0	0	34.33
Chr_6   	5	1069708	1069800	Ser	TGA	1069745	1069755	62.92
Chr_6   	6	1363487	1363581	Ser	AGA	1363524	1363536	66.98
Chr_6   	7	1400056	1400146	Ala	CGC	1400093	1400110	66.45
Chr_6   	8	1656421	1656561	Leu	AAG	1656459	1656519	55.71
Chr_6   	9	1701471	1701558	Gly	GCC	1701507	1701523	50.87
Chr_6   	10	1676502	1676416	Gly	GCC	1676466	1676451	47.34
Chr_6   	11	1406945	1406841	Ala	TGC	1406908	1406877	66.84
Chr_6   	12	1362911	1362822	Ala	CGC	1362874	1362858	66.95
Chr_6   	13	1130038	1129946	Ser	TGA	1130001	1129991	61.94
Chr_6   	14	1110231	1110136	Ser	AGA	1110194	1110181	67.60
Chr_6   	15	81560	81488	Pseudo	ACA	0	0	20.00
Chr_7   	1	44324	44420	Arg	TCG	44360	44384	66.17
Chr_7   	2	67398	67481	Arg	TCG	67434	67445	70.84
Chr_7   	3	423847	423920	Ile	AAT	0	0	76.70
Chr_7   	4	430336	430409	Ile	AAT	0	0	76.70
Chr_7   	5	525876	525949	Ile	AAT	0	0	76.70
Chr_7   	6	553681	553754	Ile	AAT	0	0	76.70
Chr_7   	7	570766	570887	Val	AAC	570804	570851	63.46
Chr_7   	8	573149	573290	Val	AAC	573187	573254	59.07
Chr_7   	9	762884	762957	Ile	AAT	0	0	76.70
Chr_7   	10	1120731	1120828	Asn	GTT	1120769	1120792	75.63
Chr_7   	11	1162711	1162782	Gly	TCC	0	0	75.25
Chr_7   	12	1163364	1163435	Gly	TCC	0	0	75.25
Chr_7   	13	1234669	1234754	Pro	AGG	1234705	1234718	57.24
Chr_7   	14	1881362	1881434	Thr	TGT	0	0	49.77
Chr_7   	15	2423646	2423717	Asp	GTC	0	0	57.25
Chr_7   	16	2464482	2464555	Ala	AGC	0	0	64.08
Chr_7   	17	2942867	2942958	Asp	GTC	2942904	2942923	49.05
Chr_7   	18	2953686	2953774	Tyr	GTA	2953723	2953738	63.79
Chr_7   	19	2940310	2940201	Asp	GTC	2940273	2940236	45.60
Chr_7   	20	2931404	2931332	Met	CAT	0	0	67.99
Chr_7   	21	2891710	2891638	Met	CAT	0	0	67.99
Chr_7   	22	2816466	2816394	Met	CAT	0	0	67.99
Chr_7   	23	1900246	1900177	Leu	CAG	0	0	51.10
Chr_7   	24	1384102	1384017	Pro	AGG	1384066	1384053	56.80
Chr_7   	25	1239537	1239452	Pro	AGG	1239501	1239488	56.74
Chr_7   	26	1172936	1172865	Gly	TCC	0	0	76.40
Chr_7   	27	1172654	1172583	Gly	TCC	0	0	76.40
Chr_7   	28	952479	952408	Glu	TTC	0	0	59.98
Chr_7   	29	948229	948128	Pseudo	AGG	948195	948162	21.98
Chr_7   	30	507977	507896	Asn	GTT	507939	507932	76.43
Chr_7   	31	458432	458359	Ile	AAT	0	0	76.70
Chr_7   	32	149402	149319	Arg	TCG	149366	149355	70.84
Chr_8   	1	691318	691402	Gln	TTG	691355	691367	63.70
Chr_8   	2	708202	708289	Gln	TTG	708239	708254	64.01
Chr_8   	3	1095754	1095840	Pro	TGG	1095790	1095804	55.20
Chr_8   	4	1492534	1492607	Val	AAC	0	0	79.94
Chr_8   	5	1688012	1688083	Glu	TTC	0	0	59.98
Chr_8   	6	1688169	1688240	Glu	TTC	0	0	59.98
Chr_8   	7	2497880	2497963	Ala	CGC	2497916	2497927	69.40
Chr_8   	8	2500504	2500590	Pseudo	GCT	2500540	2500547	25.59
Chr_8   	9	2386561	2386489	Thr	AGT	0	0	60.68
Chr_8   	10	1505981	1505901	Cys	GCA	1505945	1505937	67.57
Chr_8   	11	546481	546398	His	GTG	546444	546433	40.42
Chr_8   	12	37133	37050	Asp	GTC	37096	37085	50.98
Chr_9   	1	581651	581722	Gly	TCC	0	0	75.25
Chr_9   	2	1524442	1524539	Arg	CCT	1524478	1524503	56.59
Chr_9   	3	2021544	2021637	Asn	GTT	2021582	2021601	73.84
Chr_9   	4	2297870	2297942	Thr	TGT	0	0	54.28
Chr_9   	5	1873619	1873525	Ala	AGC	1873581	1873561	56.18
Chr_9   	6	1550267	1550170	Thr	CGT	1550231	1550206	69.64
Chr_9   	7	356065	355993	Thr	AGT	0	0	60.68
Chr_9   	8	355778	355706	Thr	AGT	0	0	60.68
Chr_10  	1	50986	51084	Pseudo	GGC	51025	51048	30.73
Chr_10  	2	188654	188750	Pro	TGG	188690	188714	58.61
Chr_10  	3	1250543	1250616	Ala	AGC	0	0	65.62
Chr_10  	4	1263407	1263480	Ala	AGC	0	0	65.62
Chr_10  	5	1263934	1264007	Ala	AGC	0	0	65.62
Chr_10  	6	1808640	1808735	Asn	GTT	1808678	1808699	72.19
Chr_10  	7	2110566	2110651	Tyr	GTA	2110603	2110615	62.92
Chr_10  	8	2155034	2155124	Ala	TGC	2155070	2155088	64.31
Chr_10  	9	1304073	1303970	Met	CAT	1304035	1304006	70.13
Chr_10  	10	1264648	1264575	Ala	AGC	0	0	65.62
Chr_10  	11	1262882	1262809	Ala	AGC	0	0	65.62
Chr_10  	12	1250027	1249954	Ala	AGC	0	0	65.62
Chr_10  	13	1248935	1248862	Ala	AGC	0	0	64.08
Chr_10  	14	1087298	1087225	Ala	AGC	0	0	64.08
Chr_10  	15	748884	748811	Ala	AGC	0	0	64.08
Chr_10  	16	124908	124836	Thr	AGT	0	0	73.61
Chr_11  	1	452129	452207	Arg	ACG	452165	452171	55.30
Chr_11  	2	554939	555037	Pseudo	GGC	554978	555001	30.73
Chr_11  	3	686237	686340	Leu	AAG	686275	686298	60.74
Chr_11  	4	700281	700376	Arg	CCT	700317	700340	60.10
Chr_11  	5	878603	878690	Asp	GTC	878640	878655	47.58
Chr_11  	6	879112	879195	Asp	GTC	879149	879160	49.38
Chr_11  	7	883977	884065	Asp	GTC	884014	884030	52.53
Chr_11  	8	917968	918040	Thr	AGT	0	0	73.61
Chr_11  	9	1025469	1025548	Leu	CAG	0	0	66.33
Chr_11  	10	1028145	1028249	Leu	AAG	1028183	1028207	62.75
Chr_11  	11	1135924	1135996	Thr	AGT	0	0	60.68
Chr_11  	12	1141168	1141265	Pseudo	GGC	1141207	1141229	22.41
Chr_11  	13	1152056	1152128	Thr	TGT	0	0	57.16
Chr_11  	14	1334014	1334086	Val	TAC	0	0	74.01
Chr_11  	15	1862400	1862492	Ala	TGC	1862436	1862456	62.67
Chr_11  	16	1413817	1413722	Arg	CCT	1413781	1413758	51.31
Chr_11  	17	1371633	1371551	Val	CAC	1371596	1371587	66.39
Chr_11  	18	1331080	1330998	Val	CAC	1331043	1331034	70.99
Chr_11  	19	1302479	1302387	His	GTG	1302442	1302422	48.61
Chr_11  	20	1030884	1030780	Leu	AAG	1030846	1030822	62.12
Chr_11  	21	929483	929411	Thr	AGT	0	0	73.61
Chr_11  	22	846068	845995	Ile	AAT	0	0	76.70
Chr_11  	23	749506	749415	Tyr	GTA	749469	749451	63.98
Chr_12  	1	627483	627555	Thr	AGT	0	0	59.46
Chr_12  	2	747197	747274	Lys	TTT	0	0	66.06
Chr_12  	3	1158874	1158955	Val	CAC	1158911	1158919	65.48
Chr_12  	4	1223075	1223156	Gly	GCC	1223111	1223121	51.73
Chr_12  	5	1251685	1251765	Gly	GCC	1251721	1251730	48.69
Chr_12  	6	1281413	1281502	Tyr	GTA	1281450	1281466	65.06
Chr_12  	7	1458846	1458938	Thr	CGT	1458882	1458902	68.28
Chr_12  	8	1603091	1603174	His	GTG	1603128	1603139	39.78
Chr_12  	9	2042027	2042114	Asp	GTC	2042064	2042079	46.84
Chr_12  	10	2077244	2077315	Asp	GTC	0	0	58.70
Chr_12  	11	1859783	1859701	Asp	GTC	1859746	1859736	49.25
Chr_12  	12	1286226	1286146	Gly	GCC	1286190	1286181	48.06
Chr_12  	13	1280872	1280783	Tyr	GTA	1280835	1280819	65.06
Chr_12  	14	1254469	1254389	Gly	GCC	1254433	1254424	48.06
Chr_13  	1	301013	301106	Asp	GTC	301050	301071	48.17
Chr_13  	2	330598	330708	Leu	CAA	330636	330662	55.16
Chr_13  	3	478627	478700	Val	AAC	0	0	77.15
Chr_13  	4	499396	499469	Val	AAC	0	0	77.15
Chr_13  	5	511813	511886	Val	AAC	0	0	77.15
Chr_13  	6	519130	519203	Val	AAC	0	0	77.15
Chr_13  	7	778134	778207	Ile	AAT	0	0	75.12
Chr_13  	8	808700	808784	Gln	CTG	808737	808749	65.64
Chr_13  	9	808367	808277	Tyr	GTA	808330	808313	63.41
Chr_13  	10	773619	773499	Tyr	GTA	773582	773535	60.15
Chr_13  	11	773279	773206	Ile	AAT	0	0	75.48
Chr_13  	12	543879	543806	Val	AAC	0	0	77.15
Chr_13  	13	515271	515198	Val	AAC	0	0	77.15
Chr_13  	14	474438	474365	Val	AAC	0	0	77.15
Chr_13  	15	300814	300742	Thr	AGT	0	0	73.61
Chr_13  	16	277355	277245	Leu	CAA	277317	277291	55.16
U371    	1	6026	5925	Ser	GCT	5989	5970	59.84
